<?xml version="1.0" encoding="UTF-8"?>
<testsuite xmlns:xsi="http://www.w3.org/2001/XMLSchema-instance" xsi:noNamespaceSchemaLocation="https://maven.apache.org/surefire/maven-surefire-plugin/xsd/surefire-test-report-3.0.xsd" version="3.0" name="com.suhit_project.Spring.ApplicationTests" time="2.306" tests="1" errors="0" skipped="0" failures="0">
  <properties>
[...]
</properties>
  <testcase name="contextLoads" classname="com.suhit_project.Spring.ApplicationTests" time="0.951">
    <system-out><![CDATA[00:05:54.604 [main] INFO org.springframework.test.context.support.AnnotationConfigContextLoaderUtils -- Could not detect default configuration classes for test class [com.suhit_project.Spring.ApplicationTests]: ApplicationTests does not declare any static, non-private, non-final, nested classes annotated with @Configuration.
00:05:54.733 [main] INFO org.springframework.boot.test.context.SpringBootTestContextBootstrapper -- Found @SpringBootConfiguration com.suhit_project.Spring.Application for test class com.suhit_project.Spring.ApplicationTests

  .   ____          _            __ _ _
 /\\ / ___'_ __ _ _(_)_ __  __ _ \ \ \ \
( ( )\___ | '_ | '_| | '_ \/ _` | \ \ \ \
 \\/  ___)| |_)| | | | | || (_| |  ) ) ) )
  '  |____| .__|_| |_|_| |_\__, | / / / /
 =========|_|==============|___/=/_/_/_/
 :: Spring Boot ::       (v3.2.0-SNAPSHOT)

2023-11-09T00:05:55.126-05:00  INFO 2405 --- [           main] c.suhit_project.Spring.ApplicationTests  : Starting ApplicationTests using Java 17.0.9 with PID 2405 (started by suhitadhikari in /Users/suhitadhikari/Desktop/getReal/Spring)
2023-11-09T00:05:55.128-05:00  INFO 2405 --- [           main] c.suhit_project.Spring.ApplicationTests  : No active profile set, falling back to 1 default profile: "default"
2023-11-09T00:05:55.637-05:00  INFO 2405 --- [           main] c.suhit_project.Spring.ApplicationTests  : Started ApplicationTests in 0.75 seconds (process running for 2.252)
]]></system-out>
  </testcase>
</testsuite>